0 info it worked if it ends with ok
1 verbose cli [ '/usr/bin/node', '/usr/bin/npm', 'run', 'watch' ]
2 info using npm@3.5.2
3 info using node@v8.10.0
4 verbose run-script [ 'prewatch', 'watch', 'postwatch' ]
5 info lifecycle ascii-level-maker@0.0.1~prewatch: ascii-level-maker@0.0.1
6 silly lifecycle ascii-level-maker@0.0.1~prewatch: no script for prewatch, continuing
7 info lifecycle ascii-level-maker@0.0.1~watch: ascii-level-maker@0.0.1
8 verbose lifecycle ascii-level-maker@0.0.1~watch: unsafe-perm in lifecycle true
9 verbose lifecycle ascii-level-maker@0.0.1~watch: PATH: /usr/share/npm/bin/node-gyp-bin:/media/daniel/therest/linux/github/ascii-level-maker/node_modules/.bin:/home/daniel/.local/bin:/home/daniel/.local/bin:/usr/local/sbin:/usr/local/bin:/usr/sbin:/usr/bin:/sbin:/bin:/usr/games:/usr/local/games:/snap/bin:/usr/lib/jvm/java-8-oracle/bin:/usr/lib/jvm/java-8-oracle/db/bin:/usr/lib/jvm/java-8-oracle/jre/bin:/bin:/home/daniel/go/bin:/usr/lib/jvm/java-8-oracle/bin:/usr/lib/jvm/java-8-oracle/db/bin:/usr/lib/jvm/java-8-oracle/jre/bin:/bin:/home/daniel/go/bin
10 verbose lifecycle ascii-level-maker@0.0.1~watch: CWD: /media/daniel/therest/linux/github/ascii-level-maker
11 silly lifecycle ascii-level-maker@0.0.1~watch: Args: [ '-c', 'gulp watch' ]
12 silly lifecycle ascii-level-maker@0.0.1~watch: Returned: code: 143  signal: null
13 info lifecycle ascii-level-maker@0.0.1~watch: Failed to exec watch script
14 verbose stack Error: ascii-level-maker@0.0.1 watch: `gulp watch`
14 verbose stack Exit status 143
14 verbose stack     at EventEmitter.<anonymous> (/usr/share/npm/lib/utils/lifecycle.js:232:16)
14 verbose stack     at emitTwo (events.js:126:13)
14 verbose stack     at EventEmitter.emit (events.js:214:7)
14 verbose stack     at ChildProcess.<anonymous> (/usr/share/npm/lib/utils/spawn.js:24:14)
14 verbose stack     at emitTwo (events.js:126:13)
14 verbose stack     at ChildProcess.emit (events.js:214:7)
14 verbose stack     at maybeClose (internal/child_process.js:925:16)
14 verbose stack     at Process.ChildProcess._handle.onexit (internal/child_process.js:209:5)
15 verbose pkgid ascii-level-maker@0.0.1
16 verbose cwd /media/daniel/therest/linux/github/ascii-level-maker
17 error Linux 4.15.0-30-generic
18 error argv "/usr/bin/node" "/usr/bin/npm" "run" "watch"
19 error node v8.10.0
20 error npm  v3.5.2
21 error code ELIFECYCLE
22 error ascii-level-maker@0.0.1 watch: `gulp watch`
22 error Exit status 143
23 error Failed at the ascii-level-maker@0.0.1 watch script 'gulp watch'.
23 error Make sure you have the latest version of node.js and npm installed.
23 error If you do, this is most likely a problem with the ascii-level-maker package,
23 error not with npm itself.
23 error Tell the author that this fails on your system:
23 error     gulp watch
23 error You can get information on how to open an issue for this project with:
23 error     npm bugs ascii-level-maker
23 error Or if that isn't available, you can get their info via:
23 error     npm owner ls ascii-level-maker
23 error There is likely additional logging output above.
24 verbose exit [ 1, true ]
